[2m2025-12-08T07:21:13.627558Z[0m [33m WARN[0m [2mcrates\core\src\worker_metrics\mod.rs[0m[2m:[0m[2m481[0m[2m:[0m Skipping tokio metrics for 0.0.0.0:3000, as they are not enabled in this build.
[2m2025-12-08T07:21:13.631770Z[0m [32m INFO[0m [2mD:\a\SpacetimeDB\SpacetimeDB\crates\standalone\src\subcommands\start.rs[0m[2m:[0m[2m195[0m[2m:[0m Starting SpacetimeDB listening on 0.0.0.0:3000
[2m2025-12-08T07:21:13.632059Z[0m [33m WARN[0m [2mD:\a\SpacetimeDB\SpacetimeDB\crates\standalone\src\subcommands\start.rs[0m[2m:[0m[2m216[0m[2m:[0m PostgreSQL wire protocol server disabled
[2m2025-12-08T08:03:28.029548Z[0m [33m WARN[0m [2mcrates\core\src\worker_metrics\mod.rs[0m[2m:[0m[2m481[0m[2m:[0m Skipping tokio metrics for 0.0.0.0:3000, as they are not enabled in this build.
[2m2025-12-08T08:03:28.033169Z[0m [32m INFO[0m [2mD:\a\SpacetimeDB\SpacetimeDB\crates\standalone\src\subcommands\start.rs[0m[2m:[0m[2m195[0m[2m:[0m Starting SpacetimeDB listening on 0.0.0.0:3000
[2m2025-12-08T08:03:28.033350Z[0m [33m WARN[0m [2mD:\a\SpacetimeDB\SpacetimeDB\crates\standalone\src\subcommands\start.rs[0m[2m:[0m[2m216[0m[2m:[0m PostgreSQL wire protocol server disabled
[2m2025-12-08T08:45:56.108119Z[0m [33m WARN[0m [2mcrates\core\src\worker_metrics\mod.rs[0m[2m:[0m[2m481[0m[2m:[0m Skipping tokio metrics for 0.0.0.0:3000, as they are not enabled in this build.
[2m2025-12-08T08:45:56.112443Z[0m [32m INFO[0m [2mD:\a\SpacetimeDB\SpacetimeDB\crates\standalone\src\subcommands\start.rs[0m[2m:[0m[2m195[0m[2m:[0m Starting SpacetimeDB listening on 0.0.0.0:3000
[2m2025-12-08T08:45:56.112653Z[0m [33m WARN[0m [2mD:\a\SpacetimeDB\SpacetimeDB\crates\standalone\src\subcommands\start.rs[0m[2m:[0m[2m216[0m[2m:[0m PostgreSQL wire protocol server disabled
[2m2025-12-08T08:46:16.608591Z[0m [32m INFO[0m [2mD:\a\SpacetimeDB\SpacetimeDB\crates\core\src\db\relational_db.rs[0m[2m:[0m[2m286[0m[2m:[0m [c200c4d2878dabe773224f76de86873b4d20e5ac0213f7972c7baa34e0cc2f46] DATABASE: durable_tx_offset is None
[2m2025-12-08T08:46:16.608989Z[0m [32m INFO[0m [2mcrates\core\src\db\relational_db.rs[0m[2m:[0m[2m588[0m[2m:[0m [c200c4d2878dabe773224f76de86873b4d20e5ac0213f7972c7baa34e0cc2f46] DATABASE: no usable snapshot on disk
[2m2025-12-08T08:46:16.611376Z[0m [32m INFO[0m [2mD:\a\SpacetimeDB\SpacetimeDB\crates\core\src\db\relational_db.rs[0m[2m:[0m[2m1749[0m[2m:[0m [c200c4d2878dabe773224f76de86873b4d20e5ac0213f7972c7baa34e0cc2f46] DATABASE: applying transaction history...
[2m2025-12-08T08:46:16.611730Z[0m [32m INFO[0m [2mD:\a\SpacetimeDB\SpacetimeDB\crates\core\src\db\relational_db.rs[0m[2m:[0m[2m1792[0m[2m:[0m [c200c4d2878dabe773224f76de86873b4d20e5ac0213f7972c7baa34e0cc2f46] DATABASE: applied transaction history
[2m2025-12-08T08:46:16.612291Z[0m [32m INFO[0m [2mD:\a\SpacetimeDB\SpacetimeDB\crates\core\src\db\relational_db.rs[0m[2m:[0m[2m1794[0m[2m:[0m [c200c4d2878dabe773224f76de86873b4d20e5ac0213f7972c7baa34e0cc2f46] DATABASE: rebuilt state after replay
[2m2025-12-08T08:46:18.579846Z[0m [34mDEBUG[0m [2mD:\a\SpacetimeDB\SpacetimeDB\crates\core\src\host\module_host.rs[0m[2m:[0m[2m455[0m[2m:[0m init database
[2m2025-12-08T08:46:18.624687Z[0m [32m INFO[0m [2mD:\a\SpacetimeDB\SpacetimeDB\crates\durability\src\imp\local.rs[0m[2m:[0m[2m96[0m[2m:[0m open local durability
[2m2025-12-08T08:46:18.629161Z[0m [32m INFO[0m [2mD:\a\SpacetimeDB\SpacetimeDB\crates\durability\src\imp\local.rs[0m[2m:[0m[2m187[0m[2m:[0m starting persister task
[2m2025-12-08T08:46:18.629362Z[0m [32m INFO[0m [2mD:\a\SpacetimeDB\SpacetimeDB\crates\durability\src\imp\local.rs[0m[2m:[0m[2m263[0m[2m:[0m starting syncer task
[2m2025-12-08T08:46:18.630177Z[0m [32m INFO[0m [2mD:\a\SpacetimeDB\SpacetimeDB\crates\durability\src\imp\local.rs[0m[2m:[0m[2m96[0m[2m:[0m open local durability
[2m2025-12-08T08:46:18.631741Z[0m [32m INFO[0m [2mD:\a\SpacetimeDB\SpacetimeDB\crates\durability\src\imp\local.rs[0m[2m:[0m[2m263[0m[2m:[0m starting syncer task
[2m2025-12-08T08:46:18.631742Z[0m [32m INFO[0m [2mD:\a\SpacetimeDB\SpacetimeDB\crates\durability\src\imp\local.rs[0m[2m:[0m[2m187[0m[2m:[0m starting persister task
[2m2025-12-08T08:46:18.632479Z[0m [32m INFO[0m [2mD:\a\SpacetimeDB\SpacetimeDB\crates\core\src\db\relational_db.rs[0m[2m:[0m[2m286[0m[2m:[0m [c200c4d2878dabe773224f76de86873b4d20e5ac0213f7972c7baa34e0cc2f46] DATABASE: durable_tx_offset is None
[2m2025-12-08T08:46:18.632746Z[0m [32m INFO[0m [2mcrates\core\src\db\relational_db.rs[0m[2m:[0m[2m588[0m[2m:[0m [c200c4d2878dabe773224f76de86873b4d20e5ac0213f7972c7baa34e0cc2f46] DATABASE: no usable snapshot on disk
[2m2025-12-08T08:46:18.633545Z[0m [32m INFO[0m [2mD:\a\SpacetimeDB\SpacetimeDB\crates\core\src\db\relational_db.rs[0m[2m:[0m[2m1749[0m[2m:[0m [c200c4d2878dabe773224f76de86873b4d20e5ac0213f7972c7baa34e0cc2f46] DATABASE: applying transaction history...
[2m2025-12-08T08:46:18.633993Z[0m [32m INFO[0m [2mD:\a\SpacetimeDB\SpacetimeDB\crates\core\src\db\relational_db.rs[0m[2m:[0m[2m1792[0m[2m:[0m [c200c4d2878dabe773224f76de86873b4d20e5ac0213f7972c7baa34e0cc2f46] DATABASE: applied transaction history
[2m2025-12-08T08:46:18.634389Z[0m [32m INFO[0m [2mD:\a\SpacetimeDB\SpacetimeDB\crates\core\src\db\relational_db.rs[0m[2m:[0m[2m1794[0m[2m:[0m [c200c4d2878dabe773224f76de86873b4d20e5ac0213f7972c7baa34e0cc2f46] DATABASE: rebuilt state after replay
[2m2025-12-08T08:46:18.635131Z[0m [32m INFO[0m [2mD:\a\SpacetimeDB\SpacetimeDB\crates\durability\src\imp\local.rs[0m[2m:[0m[2m207[0m[2m:[0m exiting persister task
[2m2025-12-08T08:46:19.140392Z[0m [32m INFO[0m [2mD:\a\SpacetimeDB\SpacetimeDB\crates\durability\src\imp\local.rs[0m[2m:[0m[2m305[0m[2m:[0m exiting syncer task
[2m2025-12-08T08:46:20.709090Z[0m [34mDEBUG[0m [2mD:\a\SpacetimeDB\SpacetimeDB\crates\core\src\host\module_host.rs[0m[2m:[0m[2m455[0m[2m:[0m init database
[2m2025-12-08T08:46:20.717302Z[0m [32m INFO[0m [2mcrates\datastore\src\locking_tx_datastore\datastore.rs[0m[2m:[0m[2m279[0m[2m:[0m Capturing snapshot of database Identity(c200c4d2878dabe773224f76de86873b4d20e5ac0213f7972c7baa34e0cc2f46) at TX offset 0
[2m2025-12-08T08:46:20.728538Z[0m [32m INFO[0m [2mD:\a\SpacetimeDB\SpacetimeDB\crates\snapshot\src\lib.rs[0m[2m:[0m[2m707[0m[2m:[0m [c200c4d2878dabe773224f76de86873b4d20e5ac0213f7972c7baa34e0cc2f46] SNAPSHOT 00000000000000000000: Hardlinked 0 objects and wrote 7 objects
[2m2025-12-08T08:46:20.729129Z[0m [32m INFO[0m [2mcrates\core\src\db\snapshot.rs[0m[2m:[0m[2m233[0m[2m:[0m Captured snapshot of database c200c4d2878dabe773224f76de86873b4d20e5ac0213f7972c7baa34e0cc2f46 at TX offset 0 in 11.8673ms
[2m2025-12-08T08:46:20.729821Z[0m [32m INFO[0m [2mcrates\core\src\db\snapshot.rs[0m[2m:[0m[2m361[0m[2m:[0m Compressed snapshot range 0..0 of database c200c4d2878dabe773224f76de86873b4d20e5ac0213f7972c7baa34e0cc2f46 in 387µs
